<?xml version="1.0" encoding="UTF-8"?>
<testsuites name="RandomEmail" time="29.223" tests="1" failures="0" errors="0">
   <testsuite name="RandomEmail" tests="1" failures="0" errors="0" time="29.223" skipped="0" timestamp="2023-06-07 21:08:06" hostname="SAMUEL - ROG-GL503GE" id="Test Suites/RandomEmail">
      <properties>
         <property name="deviceName" value=""/>
         <property name="devicePlatform" value=""/>
         <property name="logFolder" value="C:\\Users\\SAMUEL\\git\\KatalonGit\\Reports\\20230607_210802\\RandomEmail\\20230607_210802"/>
         <property name="logFiles" value="C:\\Users\\SAMUEL\\git\\KatalonGit\\Reports\\20230607_210802\\RandomEmail\\20230607_210802\\execution0.log"/>
         <property name="attachments" value=""/>
         <property name="hostName" value="SAMUEL - ROG-GL503GE"/>
         <property name="os" value="Windows 10 64bit"/>
         <property name="katalonVersion" value="8.6.0.208"/>
         <property name="browser" value="Chrome 114.0.0.0"/>
         <property name="hostAddress" value="192.168.1.9"/>
         <property name="sessionId" value="d1f0b9dc7432a735653a0abb69d4f701"/>
         <property name="seleniumVersion" value="3.141.59"/>
         <property name="proxyInformation" value="ProxyInformation { proxyOption=NO_PROXY, proxyServerType=HTTP, username=, password=********, proxyServerAddress=, proxyServerPort=0, executionList=&quot;&quot;, isApplyToDesiredCapabilities=true }"/>
         <property name="platform" value="Windows 10"/>
      </properties>
      <testcase name="Test Cases/Old/Register/CreateAccount-RandomEmail" time="22.384" classname="Test Cases/Old/Register/CreateAccount-RandomEmail" status="PASSED">
         <system-out><![CDATA[2023-06-07 21:08:13 - [TEST_CASE][PASSED] - Test Cases/Old/Register/CreateAccount-RandomEmail: Test Cases/Old/Register/CreateAccount-RandomEmail

2023-06-07 21:08:13 - [TEST_STEP][PASSED] - Start listener action : beforeTestCase: Navigate to 'https://magento.softwaretestingboard.com/' successfully

2023-06-07 21:08:13 - [TEST_STEP][PASSED] - logInfo("Test Case: " + testCaseContext.getTestCaseId()): Test Case: Test Cases/Old/Register/CreateAccount-RandomEmail

2023-06-07 21:08:13 - [MESSAGE][INFO] - Test Case: Test Cases/Old/Register/CreateAccount-RandomEmail

2023-06-07 21:08:13 - [TEST_STEP][PASSED] - openBrowser(): null

2023-06-07 21:08:13 - [TEST_STEP][PASSED] - openBrowser(""): Browser is opened with url: ''

2023-06-07 21:08:13 - [MESSAGE][WARNING] - A browser is already opened. Closing browser and opening a new one

2023-06-07 21:08:14 - [MESSAGE][INFO] - Starting 'Chrome' driver

2023-06-07 21:08:14 - [MESSAGE][INFO] - Action delay is set to 0 milliseconds

2023-06-07 21:08:16 - [MESSAGE][PASSED] - Browser is opened with url: ''

2023-06-07 21:08:16 - [TEST_STEP][PASSED] - maximizeWindow(): Current window maximized

2023-06-07 21:08:16 - [MESSAGE][PASSED] - Current window maximized

2023-06-07 21:08:16 - [TEST_STEP][PASSED] - navigateToUrl("https://magento.softwaretestingboard.com/"): Navigate to 'https://magento.softwaretestingboard.com/' successfully

2023-06-07 21:08:18 - [MESSAGE][PASSED] - Navigate to 'https://magento.softwaretestingboard.com/' successfully

2023-06-07 21:08:18 - [TEST_STEP][PASSED] - openBrowser(""): Browser is opened with url: ''

2023-06-07 21:08:18 - [MESSAGE][WARNING] - A browser is already opened. Closing browser and opening a new one

2023-06-07 21:08:19 - [MESSAGE][INFO] - Starting 'Chrome' driver

2023-06-07 21:08:19 - [MESSAGE][INFO] - Action delay is set to 0 milliseconds

2023-06-07 21:08:21 - [MESSAGE][PASSED] - Browser is opened with url: ''

2023-06-07 21:08:21 - [TEST_STEP][PASSED] - navigateToUrl("https://magento.softwaretestingboard.com/"): Navigate to 'https://magento.softwaretestingboard.com/' successfully

2023-06-07 21:08:23 - [MESSAGE][PASSED] - Navigate to 'https://magento.softwaretestingboard.com/' successfully

2023-06-07 21:08:23 - [TEST_STEP][PASSED] - click(findTestObject("Object Repository/Page_Home Page/a_Create an Account")): Object: 'Object Repository/Page_Home Page/a_Create an Account' is clicked on

2023-06-07 21:08:27 - [MESSAGE][PASSED] - Object: 'Object Repository/Page_Home Page/a_Create an Account' is clicked on

2023-06-07 21:08:27 - [TEST_STEP][PASSED] - setText(findTestObject("Object Repository/Page_Create New Customer Account/input_First Name_firstname"), "Sam"): Text 'Sam' is set on object 'Object Repository/Page_Create New Customer Account/input_First Name_firstname'

2023-06-07 21:08:28 - [MESSAGE][PASSED] - Text 'Sam' is set on object 'Object Repository/Page_Create New Customer Account/input_First Name_firstname'

2023-06-07 21:08:28 - [TEST_STEP][PASSED] - setText(findTestObject("Object Repository/Page_Create New Customer Account/input_Last Name_lastname"), "Sam"): Text 'Sam' is set on object 'Object Repository/Page_Create New Customer Account/input_Last Name_lastname'

2023-06-07 21:08:29 - [MESSAGE][PASSED] - Text 'Sam' is set on object 'Object Repository/Page_Create New Customer Account/input_Last Name_lastname'

2023-06-07 21:08:29 - [TEST_STEP][PASSED] - Email = newPackage.RandomEmail.getEmail("emailtest", "email.com"): newPackage.RandomEmail.getEmail is PASSED

2023-06-07 21:08:29 - [MESSAGE][PASSED] - newPackage.RandomEmail.getEmail is PASSED

2023-06-07 21:08:29 - [TEST_STEP][PASSED] - sendKeys(findTestObject("Object Repository/Page_Create New Customer Account/input_Email_email"), Email): Keys 'emailtest651@email.com' sent to object: 'Object Repository/Page_Create New Customer Account/input_Email_email'

2023-06-07 21:08:29 - [MESSAGE][PASSED] - Keys 'emailtest651@email.com' sent to object: 'Object Repository/Page_Create New Customer Account/input_Email_email'

2023-06-07 21:08:29 - [TEST_STEP][PASSED] - setEncryptedText(findTestObject("Object Repository/Page_Create New Customer Account/input_Password_password"), "p4y+y39Ir5MmxXEoT6JZcA=="): Text ****** has been set on object 'Object Repository/Page_Create New Customer Account/input_Password_password'

2023-06-07 21:08:30 - [MESSAGE][PASSED] - Text ****** has been set on object 'Object Repository/Page_Create New Customer Account/input_Password_password'

2023-06-07 21:08:30 - [TEST_STEP][PASSED] - setEncryptedText(findTestObject("Object Repository/Page_Create New Customer Account/input_Confirm Password_password_confirmation"), "p4y+y39Ir5MmxXEoT6JZcA=="): Text ****** has been set on object 'Object Repository/Page_Create New Customer Account/input_Confirm Password_password_confirmation'

2023-06-07 21:08:30 - [MESSAGE][PASSED] - Text ****** has been set on object 'Object Repository/Page_Create New Customer Account/input_Confirm Password_password_confirmation'

2023-06-07 21:08:30 - [TEST_STEP][PASSED] - click(findTestObject("Object Repository/Page_Create New Customer Account/button_Create an Account")): Object: 'Object Repository/Page_Create New Customer Account/button_Create an Account' is clicked on

2023-06-07 21:08:35 - [MESSAGE][PASSED] - Object: 'Object Repository/Page_Create New Customer Account/button_Create an Account' is clicked on

2023-06-07 21:08:35 - [TEST_STEP][PASSED] - closeBrowser(): Browser is closed

2023-06-07 21:08:35 - [MESSAGE][PASSED] - Browser is closed

2023-06-07 21:08:35 - [TEST_STEP][PASSED] - Start listener action : afterTestCase: Browser is closed

2023-06-07 21:08:35 - [TEST_STEP][PASSED] - logInfo("Test Case: " + testCaseContext.getTestCaseId()): Test Case: Test Cases/Old/Register/CreateAccount-RandomEmail

2023-06-07 21:08:35 - [MESSAGE][INFO] - Test Case: Test Cases/Old/Register/CreateAccount-RandomEmail

2023-06-07 21:08:35 - [TEST_STEP][PASSED] - closeBrowser(): null

2023-06-07 21:08:35 - [TEST_STEP][PASSED] - closeBrowser(): Browser is closed

2023-06-07 21:08:35 - [MESSAGE][PASSED] - Browser is closed]]></system-out>
         <system-err><![CDATA[]]></system-err>
      </testcase>
      <system-out><![CDATA[2023-06-07 21:08:06 - [TEST_SUITE][PASSED] - RandomEmail: Test Cases/Old/Register/CreateAccount-RandomEmail]]></system-out>
      <system-err><![CDATA[]]></system-err>
   </testsuite>
</testsuites>
