<?xml version="1.0" encoding="UTF-8"?>
<testsuites name="Login-DataDrivenTest" time="76.584" tests="4" failures="0" errors="0">
   <testsuite name="Login-DataDrivenTest" tests="4" failures="0" errors="0" time="76.584" skipped="0" timestamp="2023-06-13 10:34:59" hostname="SAMUEL - ROG-GL503GE" id="Test Suites/Login-DataDrivenTest">
      <properties>
         <property name="deviceName" value=""/>
         <property name="devicePlatform" value=""/>
         <property name="logFolder" value="C:\\Users\\SAMUEL\\git\\KatalonGit\\Reports\\20230613_103454\\Login-DataDrivenTest\\20230613_103454"/>
         <property name="logFiles" value="C:\\Users\\SAMUEL\\git\\KatalonGit\\Reports\\20230613_103454\\Login-DataDrivenTest\\20230613_103454\\execution0.log"/>
         <property name="attachments" value=""/>
         <property name="hostName" value="SAMUEL - ROG-GL503GE"/>
         <property name="os" value="Windows 10 64bit"/>
         <property name="katalonVersion" value="8.6.0.208"/>
         <property name="browser" value="Chrome 114.0.0.0"/>
         <property name="hostAddress" value="192.168.1.9"/>
         <property name="sessionId" value="f177130c3ca41cc3120a58ef1e334705"/>
         <property name="seleniumVersion" value="3.141.59"/>
         <property name="proxyInformation" value="ProxyInformation { proxyOption=NO_PROXY, proxyServerType=HTTP, username=, password=********, proxyServerAddress=, proxyServerPort=0, executionList=&quot;&quot;, isApplyToDesiredCapabilities=true }"/>
         <property name="platform" value="Windows 10"/>
      </properties>
      <testcase name="Test Cases/Old/Log In/SignIn" time="18.028" classname="Test Cases/Old/Log In/SignIn" status="PASSED">
         <system-out><![CDATA[2023-06-13 10:35:07 - [TEST_CASE][PASSED] - Test Cases/Old/Log In/SignIn: Test Cases/Old/Log In/SignIn

2023-06-13 10:35:07 - [TEST_STEP][PASSED] - Start listener action : beforeTestCase: Navigate to 'https://magento.softwaretestingboard.com/' successfully

2023-06-13 10:35:07 - [TEST_STEP][PASSED] - logInfo("Test Case: " + testCaseContext.getTestCaseId()): Test Case: Test Cases/Old/Log In/SignIn

2023-06-13 10:35:07 - [MESSAGE][INFO] - Test Case: Test Cases/Old/Log In/SignIn

2023-06-13 10:35:07 - [TEST_STEP][PASSED] - openBrowser(): null

2023-06-13 10:35:07 - [TEST_STEP][PASSED] - openBrowser(""): Browser is opened with url: ''

2023-06-13 10:35:07 - [MESSAGE][WARNING] - A browser is already opened. Closing browser and opening a new one

2023-06-13 10:35:07 - [MESSAGE][INFO] - Starting 'Chrome' driver

2023-06-13 10:35:07 - [MESSAGE][INFO] - Action delay is set to 0 milliseconds

2023-06-13 10:35:10 - [MESSAGE][PASSED] - Browser is opened with url: ''

2023-06-13 10:35:10 - [TEST_STEP][PASSED] - maximizeWindow(): Current window maximized

2023-06-13 10:35:10 - [MESSAGE][PASSED] - Current window maximized

2023-06-13 10:35:10 - [TEST_STEP][PASSED] - navigateToUrl("https://magento.softwaretestingboard.com/"): Navigate to 'https://magento.softwaretestingboard.com/' successfully

2023-06-13 10:35:12 - [MESSAGE][PASSED] - Navigate to 'https://magento.softwaretestingboard.com/' successfully

2023-06-13 10:35:12 - [TEST_STEP][PASSED] - openBrowser(""): Browser is opened with url: ''

2023-06-13 10:35:12 - [MESSAGE][WARNING] - A browser is already opened. Closing browser and opening a new one

2023-06-13 10:35:13 - [MESSAGE][INFO] - Starting 'Chrome' driver

2023-06-13 10:35:13 - [MESSAGE][INFO] - Action delay is set to 0 milliseconds

2023-06-13 10:35:15 - [MESSAGE][PASSED] - Browser is opened with url: ''

2023-06-13 10:35:15 - [TEST_STEP][PASSED] - navigateToUrl("https://magento.softwaretestingboard.com/"): Navigate to 'https://magento.softwaretestingboard.com/' successfully

2023-06-13 10:35:16 - [MESSAGE][PASSED] - Navigate to 'https://magento.softwaretestingboard.com/' successfully

2023-06-13 10:35:16 - [TEST_STEP][PASSED] - click(findTestObject("Object Repository/Page_Home Page/a_Sign In")): Object: 'Object Repository/Page_Home Page/a_Sign In' is clicked on

2023-06-13 10:35:19 - [MESSAGE][PASSED] - Object: 'Object Repository/Page_Home Page/a_Sign In' is clicked on

2023-06-13 10:35:19 - [TEST_STEP][PASSED] - setText(findTestObject("Object Repository/Page_Customer Login/input_Email_loginusername"), "firstlast@email.com"): Text 'firstlast@email.com' is set on object 'Object Repository/Page_Customer Login/input_Email_loginusername'

2023-06-13 10:35:21 - [MESSAGE][PASSED] - Text 'firstlast@email.com' is set on object 'Object Repository/Page_Customer Login/input_Email_loginusername'

2023-06-13 10:35:21 - [TEST_STEP][PASSED] - setText(findTestObject("Object Repository/Page_Customer Login/input_Password_loginpassword"), "Pass.123"): Text 'Pass.123' is set on object 'Object Repository/Page_Customer Login/input_Password_loginpassword'

2023-06-13 10:35:21 - [MESSAGE][PASSED] - Text 'Pass.123' is set on object 'Object Repository/Page_Customer Login/input_Password_loginpassword'

2023-06-13 10:35:21 - [TEST_STEP][PASSED] - click(findTestObject("Object Repository/Page_Customer Login/span_Sign In")): Object: 'Object Repository/Page_Customer Login/span_Sign In' is clicked on

2023-06-13 10:35:24 - [MESSAGE][PASSED] - Object: 'Object Repository/Page_Customer Login/span_Sign In' is clicked on

2023-06-13 10:35:24 - [TEST_STEP][PASSED] - closeBrowser(): Browser is closed

2023-06-13 10:35:25 - [MESSAGE][PASSED] - Browser is closed

2023-06-13 10:35:25 - [TEST_STEP][PASSED] - Start listener action : afterTestCase: Browser is closed

2023-06-13 10:35:25 - [TEST_STEP][PASSED] - logInfo("Test Case: " + testCaseContext.getTestCaseId()): Test Case: Test Cases/Old/Log In/SignIn

2023-06-13 10:35:25 - [MESSAGE][INFO] - Test Case: Test Cases/Old/Log In/SignIn

2023-06-13 10:35:25 - [TEST_STEP][PASSED] - closeBrowser(): null

2023-06-13 10:35:25 - [TEST_STEP][PASSED] - closeBrowser(): Browser is closed

2023-06-13 10:35:25 - [MESSAGE][PASSED] - Browser is closed]]></system-out>
         <system-err><![CDATA[]]></system-err>
      </testcase>
      <testcase name="Test Cases/Old/Log In/SignIn" time="17.813" classname="Test Cases/Old/Log In/SignIn" status="PASSED">
         <system-out><![CDATA[2023-06-13 10:35:25 - [TEST_CASE][PASSED] - Test Cases/Old/Log In/SignIn: Test Cases/Old/Log In/SignIn

2023-06-13 10:35:25 - [TEST_STEP][PASSED] - Start listener action : beforeTestCase: Navigate to 'https://magento.softwaretestingboard.com/' successfully

2023-06-13 10:35:25 - [TEST_STEP][PASSED] - logInfo("Test Case: " + testCaseContext.getTestCaseId()): Test Case: Test Cases/Old/Log In/SignIn

2023-06-13 10:35:25 - [MESSAGE][INFO] - Test Case: Test Cases/Old/Log In/SignIn

2023-06-13 10:35:25 - [TEST_STEP][PASSED] - openBrowser(): null

2023-06-13 10:35:25 - [TEST_STEP][PASSED] - openBrowser(""): Browser is opened with url: ''

2023-06-13 10:35:25 - [MESSAGE][INFO] - Starting 'Chrome' driver

2023-06-13 10:35:25 - [MESSAGE][INFO] - Action delay is set to 0 milliseconds

2023-06-13 10:35:27 - [MESSAGE][PASSED] - Browser is opened with url: ''

2023-06-13 10:35:27 - [TEST_STEP][PASSED] - maximizeWindow(): Current window maximized

2023-06-13 10:35:27 - [MESSAGE][PASSED] - Current window maximized

2023-06-13 10:35:27 - [TEST_STEP][PASSED] - navigateToUrl("https://magento.softwaretestingboard.com/"): Navigate to 'https://magento.softwaretestingboard.com/' successfully

2023-06-13 10:35:30 - [MESSAGE][PASSED] - Navigate to 'https://magento.softwaretestingboard.com/' successfully

2023-06-13 10:35:30 - [TEST_STEP][PASSED] - openBrowser(""): Browser is opened with url: ''

2023-06-13 10:35:30 - [MESSAGE][WARNING] - A browser is already opened. Closing browser and opening a new one

2023-06-13 10:35:30 - [MESSAGE][INFO] - Starting 'Chrome' driver

2023-06-13 10:35:30 - [MESSAGE][INFO] - Action delay is set to 0 milliseconds

2023-06-13 10:35:33 - [MESSAGE][PASSED] - Browser is opened with url: ''

2023-06-13 10:35:33 - [TEST_STEP][PASSED] - navigateToUrl("https://magento.softwaretestingboard.com/"): Navigate to 'https://magento.softwaretestingboard.com/' successfully

2023-06-13 10:35:34 - [MESSAGE][PASSED] - Navigate to 'https://magento.softwaretestingboard.com/' successfully

2023-06-13 10:35:34 - [TEST_STEP][PASSED] - click(findTestObject("Object Repository/Page_Home Page/a_Sign In")): Object: 'Object Repository/Page_Home Page/a_Sign In' is clicked on

2023-06-13 10:35:38 - [MESSAGE][PASSED] - Object: 'Object Repository/Page_Home Page/a_Sign In' is clicked on

2023-06-13 10:35:38 - [TEST_STEP][PASSED] - setText(findTestObject("Object Repository/Page_Customer Login/input_Email_loginusername"), "firstlast@email.com"): Text 'firstlast@email.com' is set on object 'Object Repository/Page_Customer Login/input_Email_loginusername'

2023-06-13 10:35:39 - [MESSAGE][PASSED] - Text 'firstlast@email.com' is set on object 'Object Repository/Page_Customer Login/input_Email_loginusername'

2023-06-13 10:35:39 - [TEST_STEP][PASSED] - setText(findTestObject("Object Repository/Page_Customer Login/input_Password_loginpassword"), "Pass.123"): Text 'Pass.123' is set on object 'Object Repository/Page_Customer Login/input_Password_loginpassword'

2023-06-13 10:35:39 - [MESSAGE][PASSED] - Text 'Pass.123' is set on object 'Object Repository/Page_Customer Login/input_Password_loginpassword'

2023-06-13 10:35:39 - [TEST_STEP][PASSED] - click(findTestObject("Object Repository/Page_Customer Login/span_Sign In")): Object: 'Object Repository/Page_Customer Login/span_Sign In' is clicked on

2023-06-13 10:35:42 - [MESSAGE][PASSED] - Object: 'Object Repository/Page_Customer Login/span_Sign In' is clicked on

2023-06-13 10:35:42 - [TEST_STEP][PASSED] - closeBrowser(): Browser is closed

2023-06-13 10:35:42 - [MESSAGE][PASSED] - Browser is closed

2023-06-13 10:35:42 - [TEST_STEP][PASSED] - Start listener action : afterTestCase: Browser is closed

2023-06-13 10:35:42 - [TEST_STEP][PASSED] - logInfo("Test Case: " + testCaseContext.getTestCaseId()): Test Case: Test Cases/Old/Log In/SignIn

2023-06-13 10:35:42 - [MESSAGE][INFO] - Test Case: Test Cases/Old/Log In/SignIn

2023-06-13 10:35:42 - [TEST_STEP][PASSED] - closeBrowser(): null

2023-06-13 10:35:42 - [TEST_STEP][PASSED] - closeBrowser(): Browser is closed

2023-06-13 10:35:42 - [MESSAGE][PASSED] - Browser is closed]]></system-out>
         <system-err><![CDATA[]]></system-err>
      </testcase>
      <testcase name="Test Cases/Old/Log In/SignIn" time="17.041" classname="Test Cases/Old/Log In/SignIn" status="PASSED">
         <system-out><![CDATA[2023-06-13 10:35:42 - [TEST_CASE][PASSED] - Test Cases/Old/Log In/SignIn: Test Cases/Old/Log In/SignIn

2023-06-13 10:35:42 - [TEST_STEP][PASSED] - Start listener action : beforeTestCase: Navigate to 'https://magento.softwaretestingboard.com/' successfully

2023-06-13 10:35:42 - [TEST_STEP][PASSED] - logInfo("Test Case: " + testCaseContext.getTestCaseId()): Test Case: Test Cases/Old/Log In/SignIn

2023-06-13 10:35:42 - [MESSAGE][INFO] - Test Case: Test Cases/Old/Log In/SignIn

2023-06-13 10:35:42 - [TEST_STEP][PASSED] - openBrowser(): null

2023-06-13 10:35:42 - [TEST_STEP][PASSED] - openBrowser(""): Browser is opened with url: ''

2023-06-13 10:35:42 - [MESSAGE][INFO] - Starting 'Chrome' driver

2023-06-13 10:35:42 - [MESSAGE][INFO] - Action delay is set to 0 milliseconds

2023-06-13 10:35:45 - [MESSAGE][PASSED] - Browser is opened with url: ''

2023-06-13 10:35:45 - [TEST_STEP][PASSED] - maximizeWindow(): Current window maximized

2023-06-13 10:35:45 - [MESSAGE][PASSED] - Current window maximized

2023-06-13 10:35:45 - [TEST_STEP][PASSED] - navigateToUrl("https://magento.softwaretestingboard.com/"): Navigate to 'https://magento.softwaretestingboard.com/' successfully

2023-06-13 10:35:47 - [MESSAGE][PASSED] - Navigate to 'https://magento.softwaretestingboard.com/' successfully

2023-06-13 10:35:47 - [TEST_STEP][PASSED] - openBrowser(""): Browser is opened with url: ''

2023-06-13 10:35:47 - [MESSAGE][WARNING] - A browser is already opened. Closing browser and opening a new one

2023-06-13 10:35:47 - [MESSAGE][INFO] - Starting 'Chrome' driver

2023-06-13 10:35:47 - [MESSAGE][INFO] - Action delay is set to 0 milliseconds

2023-06-13 10:35:50 - [MESSAGE][PASSED] - Browser is opened with url: ''

2023-06-13 10:35:50 - [TEST_STEP][PASSED] - navigateToUrl("https://magento.softwaretestingboard.com/"): Navigate to 'https://magento.softwaretestingboard.com/' successfully

2023-06-13 10:35:51 - [MESSAGE][PASSED] - Navigate to 'https://magento.softwaretestingboard.com/' successfully

2023-06-13 10:35:51 - [TEST_STEP][PASSED] - click(findTestObject("Object Repository/Page_Home Page/a_Sign In")): Object: 'Object Repository/Page_Home Page/a_Sign In' is clicked on

2023-06-13 10:35:54 - [MESSAGE][PASSED] - Object: 'Object Repository/Page_Home Page/a_Sign In' is clicked on

2023-06-13 10:35:54 - [TEST_STEP][PASSED] - setText(findTestObject("Object Repository/Page_Customer Login/input_Email_loginusername"), "firstlast@email.com"): Text 'firstlast@email.com' is set on object 'Object Repository/Page_Customer Login/input_Email_loginusername'

2023-06-13 10:35:55 - [MESSAGE][PASSED] - Text 'firstlast@email.com' is set on object 'Object Repository/Page_Customer Login/input_Email_loginusername'

2023-06-13 10:35:55 - [TEST_STEP][PASSED] - setText(findTestObject("Object Repository/Page_Customer Login/input_Password_loginpassword"), "Pass.123"): Text 'Pass.123' is set on object 'Object Repository/Page_Customer Login/input_Password_loginpassword'

2023-06-13 10:35:56 - [MESSAGE][PASSED] - Text 'Pass.123' is set on object 'Object Repository/Page_Customer Login/input_Password_loginpassword'

2023-06-13 10:35:56 - [TEST_STEP][PASSED] - click(findTestObject("Object Repository/Page_Customer Login/span_Sign In")): Object: 'Object Repository/Page_Customer Login/span_Sign In' is clicked on

2023-06-13 10:35:59 - [MESSAGE][PASSED] - Object: 'Object Repository/Page_Customer Login/span_Sign In' is clicked on

2023-06-13 10:35:59 - [TEST_STEP][PASSED] - closeBrowser(): Browser is closed

2023-06-13 10:35:59 - [MESSAGE][PASSED] - Browser is closed

2023-06-13 10:35:59 - [TEST_STEP][PASSED] - Start listener action : afterTestCase: Browser is closed

2023-06-13 10:35:59 - [TEST_STEP][PASSED] - logInfo("Test Case: " + testCaseContext.getTestCaseId()): Test Case: Test Cases/Old/Log In/SignIn

2023-06-13 10:35:59 - [MESSAGE][INFO] - Test Case: Test Cases/Old/Log In/SignIn

2023-06-13 10:35:59 - [TEST_STEP][PASSED] - closeBrowser(): null

2023-06-13 10:35:59 - [TEST_STEP][PASSED] - closeBrowser(): Browser is closed

2023-06-13 10:36:00 - [MESSAGE][PASSED] - Browser is closed]]></system-out>
         <system-err><![CDATA[]]></system-err>
      </testcase>
      <testcase name="Test Cases/Old/Log In/SignIn" time="16.314" classname="Test Cases/Old/Log In/SignIn" status="PASSED">
         <system-out><![CDATA[2023-06-13 10:36:00 - [TEST_CASE][PASSED] - Test Cases/Old/Log In/SignIn: Test Cases/Old/Log In/SignIn

2023-06-13 10:36:00 - [TEST_STEP][PASSED] - Start listener action : beforeTestCase: Navigate to 'https://magento.softwaretestingboard.com/' successfully

2023-06-13 10:36:00 - [TEST_STEP][PASSED] - logInfo("Test Case: " + testCaseContext.getTestCaseId()): Test Case: Test Cases/Old/Log In/SignIn

2023-06-13 10:36:00 - [MESSAGE][INFO] - Test Case: Test Cases/Old/Log In/SignIn

2023-06-13 10:36:00 - [TEST_STEP][PASSED] - openBrowser(): null

2023-06-13 10:36:00 - [TEST_STEP][PASSED] - openBrowser(""): Browser is opened with url: ''

2023-06-13 10:36:00 - [MESSAGE][INFO] - Starting 'Chrome' driver

2023-06-13 10:36:00 - [MESSAGE][INFO] - Action delay is set to 0 milliseconds

2023-06-13 10:36:02 - [MESSAGE][PASSED] - Browser is opened with url: ''

2023-06-13 10:36:02 - [TEST_STEP][PASSED] - maximizeWindow(): Current window maximized

2023-06-13 10:36:02 - [MESSAGE][PASSED] - Current window maximized

2023-06-13 10:36:02 - [TEST_STEP][PASSED] - navigateToUrl("https://magento.softwaretestingboard.com/"): Navigate to 'https://magento.softwaretestingboard.com/' successfully

2023-06-13 10:36:04 - [MESSAGE][PASSED] - Navigate to 'https://magento.softwaretestingboard.com/' successfully

2023-06-13 10:36:04 - [TEST_STEP][PASSED] - openBrowser(""): Browser is opened with url: ''

2023-06-13 10:36:04 - [MESSAGE][WARNING] - A browser is already opened. Closing browser and opening a new one

2023-06-13 10:36:04 - [MESSAGE][INFO] - Starting 'Chrome' driver

2023-06-13 10:36:04 - [MESSAGE][INFO] - Action delay is set to 0 milliseconds

2023-06-13 10:36:07 - [MESSAGE][PASSED] - Browser is opened with url: ''

2023-06-13 10:36:07 - [TEST_STEP][PASSED] - navigateToUrl("https://magento.softwaretestingboard.com/"): Navigate to 'https://magento.softwaretestingboard.com/' successfully

2023-06-13 10:36:09 - [MESSAGE][PASSED] - Navigate to 'https://magento.softwaretestingboard.com/' successfully

2023-06-13 10:36:09 - [TEST_STEP][PASSED] - click(findTestObject("Object Repository/Page_Home Page/a_Sign In")): Object: 'Object Repository/Page_Home Page/a_Sign In' is clicked on

2023-06-13 10:36:11 - [MESSAGE][PASSED] - Object: 'Object Repository/Page_Home Page/a_Sign In' is clicked on

2023-06-13 10:36:11 - [TEST_STEP][PASSED] - setText(findTestObject("Object Repository/Page_Customer Login/input_Email_loginusername"), "firstlast@email.com"): Text 'firstlast@email.com' is set on object 'Object Repository/Page_Customer Login/input_Email_loginusername'

2023-06-13 10:36:12 - [MESSAGE][PASSED] - Text 'firstlast@email.com' is set on object 'Object Repository/Page_Customer Login/input_Email_loginusername'

2023-06-13 10:36:12 - [TEST_STEP][PASSED] - setText(findTestObject("Object Repository/Page_Customer Login/input_Password_loginpassword"), "Pass.123"): Text 'Pass.123' is set on object 'Object Repository/Page_Customer Login/input_Password_loginpassword'

2023-06-13 10:36:13 - [MESSAGE][PASSED] - Text 'Pass.123' is set on object 'Object Repository/Page_Customer Login/input_Password_loginpassword'

2023-06-13 10:36:13 - [TEST_STEP][PASSED] - click(findTestObject("Object Repository/Page_Customer Login/span_Sign In")): Object: 'Object Repository/Page_Customer Login/span_Sign In' is clicked on

2023-06-13 10:36:15 - [MESSAGE][PASSED] - Object: 'Object Repository/Page_Customer Login/span_Sign In' is clicked on

2023-06-13 10:36:15 - [TEST_STEP][PASSED] - closeBrowser(): Browser is closed

2023-06-13 10:36:16 - [MESSAGE][PASSED] - Browser is closed

2023-06-13 10:36:16 - [TEST_STEP][PASSED] - Start listener action : afterTestCase: Browser is closed

2023-06-13 10:36:16 - [TEST_STEP][PASSED] - logInfo("Test Case: " + testCaseContext.getTestCaseId()): Test Case: Test Cases/Old/Log In/SignIn

2023-06-13 10:36:16 - [MESSAGE][INFO] - Test Case: Test Cases/Old/Log In/SignIn

2023-06-13 10:36:16 - [TEST_STEP][PASSED] - closeBrowser(): null

2023-06-13 10:36:16 - [TEST_STEP][PASSED] - closeBrowser(): Browser is closed

2023-06-13 10:36:16 - [MESSAGE][PASSED] - Browser is closed]]></system-out>
         <system-err><![CDATA[]]></system-err>
      </testcase>
      <system-out><![CDATA[2023-06-13 10:34:59 - [TEST_SUITE][PASSED] - Login-DataDrivenTest: Test Cases/Old/Log In/SignIn]]></system-out>
      <system-err><![CDATA[]]></system-err>
   </testsuite>
</testsuites>
